[LOG] SystemI::init                            : FMOD Studio Version: 00010807 (77241)
[LOG] SystemI::init                            : maxchannels = 1024, flags = 00030000, extradriverdata = 0x0
[LOG] SystemI::close                           : 
[LOG] SystemI::close                           : Stop all sounds
[LOG] SystemI::close                           : done.

[LOG] OutputCoreAudio::enumerate               : Enumerating...
[LOG] OutputCoreAudio::enumerate               : Found output driver: "Built-in Output".
[LOG] OutputCoreAudio::enumerate               : Found output driver: "DisplayPort".
[LOG] OutputCoreAudio::enumerate               : Found output driver: "Saffire".
[LOG] OutputCoreAudio::enumerate               : Found output driver: "Soundflower (2ch)".
[LOG] OutputCoreAudio::enumerate               : Found output driver: "Soundflower (64ch)".
[LOG] OutputCoreAudio::enumerate               : Found output driver: "Pro Tools Aggregate I/O".
[LOG] OutputCoreAudio::enumerate               : Found output driver: "Aggregate Device".
[LOG] OutputCoreAudio::enumerate               : Done.
[LOG] OutputCoreAudio::init                    : Output running 2 channels at 96000Hz sample rate.
[LOG] OutputCoreAudio::init                    : Maximum hardware read size: 1024 samples, Software buffer size: 512 samples, Number of software buffers: 4.
[WRN] SystemI::init                            : Output requires a sample rate of 96000Hz, resampling will occur.
[LOG] Thread::initThread                       : Initializing FMOD mixer thread.  priority 3
[LOG] Thread::initThread                       : - Stacksize 49152.  Stack pointer 0x0 : usesemaphore = 1 : sleeptime = 0
[LOG] Thread::callback                         : * FMOD mixer thread started
[LOG] SystemI::init                            : Set up emulated output
[LOG] SystemI::init                            : create the channel pool
[LOG] Thread::initThread                       : Initializing FMOD stream thread.  priority 2
[LOG] Thread::initThread                       : - Stacksize 65536.  Stack pointer 0x0 : usesemaphore = 0 : sleeptime = 10
[LOG] Thread::callback                         : * FMOD stream thread started
[LOG] Thread::initThread                       : Initializing FMOD Studio update thread.  priority 0
[LOG] Thread::initThread                       : - Stacksize 65536.  Stack pointer 0x0 : usesemaphore = 0 : sleeptime = 1
[LOG] Thread::callback                         : * FMOD Studio update thread started
[LOG] Thread::initThread                       : Initializing FMOD Studio sample load thread.  priority 0
[LOG] Thread::initThread                       : - Stacksize 65536.  Stack pointer 0x0 : usesemaphore = 0 : sleeptime = 1
[LOG] Thread::callback                         : * FMOD Studio sample load thread started
[LOG] LiveUpdate::init                         : 
[LOG] Thread::initThread                       : Initializing FMOD Studio bank load thread.  priority 0
[LOG] Thread::initThread                       : - Stacksize 65536.  Stack pointer 0x0 : usesemaphore = 0 : sleeptime = 1
[LOG] Thread::callback                         : * FMOD Studio bank load thread started
[LOG] Profile::init                            : Profiler listening on port: 9264
[LOG] Manager::readBank                        : fileversion = 72, compatVersion = 70 (oldest = 44, newest = 79)
[LOG] Manager::readBank                        : fileversion = 72, compatVersion = 70 (oldest = 44, newest = 79)
[LOG] PlaybackSystem::acquireMasterBus         : Setting master channel group format to 6
[LOG] SystemI::createSoundInternal             : filename =  : mode 0a000202
[LOG] SystemI::createSoundInternal             : exinfo->cbsize             = 232
[LOG] SystemI::createSoundInternal             : exinfo->length             = 1400960
[LOG] SystemI::createSoundInternal             : exinfo->fileoffset         = 19008
[LOG] SystemI::createSoundInternal             : exinfo->numsubsounds       = 1
[LOG] SystemI::createSoundInternal             : exinfo->inclusionlist      = 0x1335d7b88
[LOG] SystemI::createSoundInternal             : exinfo->inclusionlistnum   = 1
[LOG] SystemI::createSoundInternal             : exinfo->suggestedsoundtype = 5
[LOG] SystemI::createSoundInternal             : exinfo->useropen           = 0x15649dcc1
[LOG] SystemI::createSoundInternal             : exinfo->userclose          = 0x15649dd93
[LOG] SystemI::createSoundInternal             : exinfo->userread           = 0x15649ddc3
[LOG] SystemI::createSoundInternal             : exinfo->userseek           = 0x15649de60
[LOG] SystemI::createSoundInternal             : exinfo->fileuserdata       = 0x10a9b2d38
[LOG] SystemI::createSoundInternal             : exinfo->initialseekpostype = 1
[LOG] SystemI::createSoundInternal             : Format has 1 subsounds.
[LOG] SystemI::createSoundInternal             : Create as FMOD_CREATESAMPLE
[LOG] SystemI::createSoundInternal             : Multi-sample sound (1 subsounds), create a sample container.
[LOG] SystemI::createSoundInternal             : creating subsound 0/1
[LOG] SystemI::createSample                    : mode 0a000202 length 35145 samples, lengthbytes 7744
[LOG] SystemI::createSample                    : channels = 2
[LOG] SystemI::createSample                    : output = 0x1509e2208
[LOG] OutputSoftware::createSample             : lengthpcm 35145, lengthbytes 7744, channels 2, format 2, freq 48000, mode 0a00020a
[LOG] SystemI::createSoundInternal             : done.  OpenState now = FMOD_OPENSTATE_READY.

[LOG] SystemI::createSoundInternal             : filename =  : mode 0a000202
[LOG] SystemI::createSoundInternal             : exinfo->cbsize             = 232
[LOG] SystemI::createSoundInternal             : exinfo->length             = 1400960
[LOG] SystemI::createSoundInternal             : exinfo->fileoffset         = 19008
[LOG] SystemI::createSoundInternal             : exinfo->numsubsounds       = 1
[LOG] SystemI::createSoundInternal             : exinfo->inclusionlist      = 0x1335d7b88
[LOG] SystemI::createSoundInternal             : exinfo->inclusionlistnum   = 1
[LOG] SystemI::createSoundInternal             : exinfo->suggestedsoundtype = 5
[LOG] SystemI::createSoundInternal             : exinfo->useropen           = 0x15649dcc1
[LOG] SystemI::createSoundInternal             : exinfo->userclose          = 0x15649dd93
[LOG] SystemI::createSoundInternal             : exinfo->userread           = 0x15649ddc3
[LOG] SystemI::createSoundInternal             : exinfo->userseek           = 0x15649de60
[LOG] SystemI::createSoundInternal             : exinfo->fileuserdata       = 0x10a9b2d38
[LOG] SystemI::createSoundInternal             : exinfo->initialseekpostype = 1
[LOG] SystemI::createSoundInternal             : Format has 1 subsounds.
[LOG] SystemI::createSoundInternal             : Create as FMOD_CREATESAMPLE
[LOG] SystemI::createSoundInternal             : Multi-sample sound (1 subsounds), create a sample container.
[LOG] SystemI::createSoundInternal             : creating subsound 0/1
[LOG] SystemI::createSample                    : mode 0a000202 length 407008 samples, lengthbytes 85280
[LOG] SystemI::createSample                    : channels = 2
[LOG] SystemI::createSample                    : output = 0x1509e2208
[LOG] OutputSoftware::createSample             : lengthpcm 407008, lengthbytes 85280, channels 2, format 2, freq 48000, mode 0a00020a
[LOG] SystemI::createSoundInternal             : done.  OpenState now = FMOD_OPENSTATE_READY.

[LOG] SystemI::createSoundInternal             : filename =  : mode 0a000202
[LOG] SystemI::createSoundInternal             : exinfo->cbsize             = 232
[LOG] SystemI::createSoundInternal             : exinfo->length             = 1400960
[LOG] SystemI::createSoundInternal             : exinfo->fileoffset         = 19008
[LOG] SystemI::createSoundInternal             : exinfo->numsubsounds       = 1
[LOG] SystemI::createSoundInternal             : exinfo->inclusionlist      = 0x1335d7b88
[LOG] SystemI::createSoundInternal             : exinfo->inclusionlistnum   = 1
[LOG] SystemI::createSoundInternal             : exinfo->suggestedsoundtype = 5
[LOG] SystemI::createSoundInternal             : exinfo->useropen           = 0x15649dcc1
[LOG] SystemI::createSoundInternal             : exinfo->userclose          = 0x15649dd93
[LOG] SystemI::createSoundInternal             : exinfo->userread           = 0x15649ddc3
[LOG] SystemI::createSoundInternal             : exinfo->userseek           = 0x15649de60
[LOG] SystemI::createSoundInternal             : exinfo->fileuserdata       = 0x10a9b2d38
[LOG] SystemI::createSoundInternal             : exinfo->initialseekpostype = 1
[LOG] SystemI::createSoundInternal             : Format has 1 subsounds.
[LOG] SystemI::createSoundInternal             : Create as FMOD_CREATESAMPLE
[LOG] SystemI::createSoundInternal             : Multi-sample sound (1 subsounds), create a sample container.
[LOG] SystemI::createSoundInternal             : creating subsound 0/1
[LOG] SystemI::createSample                    : mode 0a000202 length 247748 samples, lengthbytes 59936
[LOG] SystemI::createSample                    : channels = 2
[LOG] SystemI::createSample                    : output = 0x1509e2208
[LOG] OutputSoftware::createSample             : lengthpcm 247748, lengthbytes 59936, channels 2, format 2, freq 48000, mode 0a00020a
[LOG] SystemI::createSoundInternal             : done.  OpenState now = FMOD_OPENSTATE_READY.

[LOG] SystemI::createSoundInternal             : filename =  : mode 0a000202
[LOG] SystemI::createSoundInternal             : exinfo->cbsize             = 232
[LOG] SystemI::createSoundInternal             : exinfo->length             = 1400960
[LOG] SystemI::createSoundInternal             : exinfo->fileoffset         = 19008
[LOG] SystemI::createSoundInternal             : exinfo->numsubsounds       = 1
[LOG] SystemI::createSoundInternal             : exinfo->inclusionlist      = 0x1335d7b88
[LOG] SystemI::createSoundInternal             : exinfo->inclusionlistnum   = 1
[LOG] SystemI::createSoundInternal             : exinfo->suggestedsoundtype = 5
[LOG] SystemI::createSoundInternal             : exinfo->useropen           = 0x15649dcc1
[LOG] SystemI::createSoundInternal             : exinfo->userclose          = 0x15649dd93
[LOG] SystemI::createSoundInternal             : exinfo->userread           = 0x15649ddc3
[LOG] SystemI::createSoundInternal             : exinfo->userseek           = 0x15649de60
[LOG] SystemI::createSoundInternal             : exinfo->fileuserdata       = 0x10a9b2d38
[LOG] SystemI::createSoundInternal             : exinfo->initialseekpostype = 1
[LOG] SystemI::createSoundInternal             : Format has 1 subsounds.
[LOG] SystemI::createSoundInternal             : Create as FMOD_CREATESAMPLE
[LOG] SystemI::createSoundInternal             : Multi-sample sound (1 subsounds), create a sample container.
[LOG] SystemI::createSoundInternal             : creating subsound 0/1
[LOG] SystemI::createSample                    : mode 0a000202 length 43098 samples, lengthbytes 6496
[LOG] SystemI::createSample                    : channels = 2
[LOG] SystemI::createSample                    : output = 0x1509e2208
[LOG] OutputSoftware::createSample             : lengthpcm 43098, lengthbytes 6496, channels 2, format 2, freq 48000, mode 0a00020a
[LOG] SystemI::createSoundInternal             : done.  OpenState now = FMOD_OPENSTATE_READY.

[LOG] SystemI::createSoundInternal             : filename =  : mode 0a000202
[LOG] SystemI::createSoundInternal             : exinfo->cbsize             = 232
[LOG] SystemI::createSoundInternal             : exinfo->length             = 1400960
[LOG] SystemI::createSoundInternal             : exinfo->fileoffset         = 19008
[LOG] SystemI::createSoundInternal             : exinfo->numsubsounds       = 1
[LOG] SystemI::createSoundInternal             : exinfo->inclusionlist      = 0x1335d7b88
[LOG] SystemI::createSoundInternal             : exinfo->inclusionlistnum   = 1
[LOG] SystemI::createSoundInternal             : exinfo->suggestedsoundtype = 5
[LOG] SystemI::createSoundInternal             : exinfo->useropen           = 0x15649dcc1
[LOG] SystemI::createSoundInternal             : exinfo->userclose          = 0x15649dd93
[LOG] SystemI::createSoundInternal             : exinfo->userread           = 0x15649ddc3
[LOG] SystemI::createSoundInternal             : exinfo->userseek           = 0x15649de60
[LOG] SystemI::createSoundInternal             : exinfo->fileuserdata       = 0x10a9b2d38
[LOG] SystemI::createSoundInternal             : exinfo->initialseekpostype = 1
[LOG] SystemI::createSoundInternal             : Format has 1 subsounds.
[LOG] SystemI::createSoundInternal             : Create as FMOD_CREATESAMPLE
[LOG] SystemI::createSoundInternal             : Multi-sample sound (1 subsounds), create a sample container.
[LOG] SystemI::createSoundInternal             : creating subsound 0/1
[LOG] SystemI::createSample                    : mode 0a000202 length 213750 samples, lengthbytes 55456
[LOG] SystemI::createSample                    : channels = 2
[LOG] SystemI::createSample                    : output = 0x1509e2208
[LOG] OutputSoftware::createSample             : lengthpcm 213750, lengthbytes 55456, channels 2, format 2, freq 48000, mode 0a00020a
[LOG] SystemI::createSoundInternal             : done.  OpenState now = FMOD_OPENSTATE_READY.

[LOG] SystemI::createSoundInternal             : filename =  : mode 0a000202
[LOG] SystemI::createSoundInternal             : exinfo->cbsize             = 232
[LOG] SystemI::createSoundInternal             : exinfo->length             = 1400960
[LOG] SystemI::createSoundInternal             : exinfo->fileoffset         = 19008
[LOG] SystemI::createSoundInternal             : exinfo->numsubsounds       = 1
[LOG] SystemI::createSoundInternal             : exinfo->inclusionlist      = 0x1335d7b88
[LOG] SystemI::createSoundInternal             : exinfo->inclusionlistnum   = 1
[LOG] SystemI::createSoundInternal             : exinfo->suggestedsoundtype = 5
[LOG] SystemI::createSoundInternal             : exinfo->useropen           = 0x15649dcc1
[LOG] SystemI::createSoundInternal             : exinfo->userclose          = 0x15649dd93
[LOG] SystemI::createSoundInternal             : exinfo->userread           = 0x15649ddc3
[LOG] SystemI::createSoundInternal             : exinfo->userseek           = 0x15649de60
[LOG] SystemI::createSoundInternal             : exinfo->fileuserdata       = 0x10a9b2d38
[LOG] SystemI::createSoundInternal             : exinfo->initialseekpostype = 1
[LOG] SystemI::createSoundInternal             : Format has 1 subsounds.
[LOG] SystemI::createSoundInternal             : Create as FMOD_CREATESAMPLE
[LOG] SystemI::createSoundInternal             : Multi-sample sound (1 subsounds), create a sample container.
[LOG] SystemI::createSoundInternal             : creating subsound 0/1
[LOG] SystemI::createSample                    : mode 0a000202 length 13374 samples, lengthbytes 3008
[LOG] SystemI::createSample                    : channels = 2
[LOG] SystemI::createSample                    : output = 0x1509e2208
[LOG] OutputSoftware::createSample             : lengthpcm 13374, lengthbytes 3008, channels 2, format 2, freq 48000, mode 0a00020a
[LOG] SystemI::createSoundInternal             : done.  OpenState now = FMOD_OPENSTATE_READY.

[LOG] SystemI::createSoundInternal             : filename =  : mode 0a000202
[LOG] SystemI::createSoundInternal             : exinfo->cbsize             = 232
[LOG] SystemI::createSoundInternal             : exinfo->length             = 1400960
[LOG] SystemI::createSoundInternal             : exinfo->fileoffset         = 19008
[LOG] SystemI::createSoundInternal             : exinfo->numsubsounds       = 1
[LOG] SystemI::createSoundInternal             : exinfo->inclusionlist      = 0x1335d7b88
[LOG] SystemI::createSoundInternal             : exinfo->inclusionlistnum   = 1
[LOG] SystemI::createSoundInternal             : exinfo->suggestedsoundtype = 5
[LOG] SystemI::createSoundInternal             : exinfo->useropen           = 0x15649dcc1
[LOG] SystemI::createSoundInternal             : exinfo->userclose          = 0x15649dd93
[LOG] SystemI::createSoundInternal             : exinfo->userread           = 0x15649ddc3
[LOG] SystemI::createSoundInternal             : exinfo->userseek           = 0x15649de60
[LOG] SystemI::createSoundInternal             : exinfo->fileuserdata       = 0x10a9b2d38
[LOG] SystemI::createSoundInternal             : exinfo->initialseekpostype = 1
[LOG] SystemI::createSoundInternal             : Format has 1 subsounds.
[LOG] SystemI::createSoundInternal             : Create as FMOD_CREATESAMPLE
[LOG] SystemI::createSoundInternal             : Multi-sample sound (1 subsounds), create a sample container.
[LOG] SystemI::createSoundInternal             : creating subsound 0/1
[LOG] SystemI::createSample                    : mode 0a000202 length 23962 samples, lengthbytes 4288
[LOG] SystemI::createSample                    : channels = 2
[LOG] SystemI::createSample                    : output = 0x1509e2208
[LOG] OutputSoftware::createSample             : lengthpcm 23962, lengthbytes 4288, channels 2, format 2, freq 48000, mode 0a00020a
[LOG] SystemI::createSoundInternal             : done.  OpenState now = FMOD_OPENSTATE_READY.

[LOG] SystemI::createSoundInternal             : filename =  : mode 0a000202
[LOG] SystemI::createSoundInternal             : exinfo->cbsize             = 232
[LOG] SystemI::createSoundInternal             : exinfo->length             = 1400960
[LOG] SystemI::createSoundInternal             : exinfo->fileoffset         = 19008
[LOG] SystemI::createSoundInternal             : exinfo->numsubsounds       = 1
[LOG] SystemI::createSoundInternal             : exinfo->inclusionlist      = 0x1335d7b88
[LOG] SystemI::createSoundInternal             : exinfo->inclusionlistnum   = 1
[LOG] SystemI::createSoundInternal             : exinfo->suggestedsoundtype = 5
[LOG] SystemI::createSoundInternal             : exinfo->useropen           = 0x15649dcc1
[LOG] SystemI::createSoundInternal             : exinfo->userclose          = 0x15649dd93
[LOG] SystemI::createSoundInternal             : exinfo->userread           = 0x15649ddc3
[LOG] SystemI::createSoundInternal             : exinfo->userseek           = 0x15649de60
[LOG] SystemI::createSoundInternal             : exinfo->fileuserdata       = 0x10a9b2d38
[LOG] SystemI::createSoundInternal             : exinfo->initialseekpostype = 1
[LOG] SystemI::createSoundInternal             : Format has 1 subsounds.
[LOG] SystemI::createSoundInternal             : Create as FMOD_CREATESAMPLE
[LOG] SystemI::createSoundInternal             : Multi-sample sound (1 subsounds), create a sample container.
[LOG] SystemI::createSoundInternal             : creating subsound 0/1
[LOG] SystemI::createSample                    : mode 0a000202 length 17832 samples, lengthbytes 4256
[LOG] SystemI::createSample                    : channels = 2
[LOG] SystemI::createSample                    : output = 0x1509e2208
[LOG] OutputSoftware::createSample             : lengthpcm 17832, lengthbytes 4256, channels 2, format 2, freq 48000, mode 0a00020a
[LOG] SystemI::createSoundInternal             : done.  OpenState now = FMOD_OPENSTATE_READY.

[LOG] SystemI::createSound                     : filename = FMOD_files/fmodTest_01/Build/Desktop/Master Bank.bank : mode 0a010082
[LOG] SystemI::createSound                     : FMOD_NONBLOCKING specified.  Putting into queue to be opened asynchronously!
[LOG] Thread::initThread                       : Initializing FMOD nonblocking thread (0).  priority 1
[LOG] Thread::initThread                       : - Stacksize 81920.  Stack pointer 0x0 : usesemaphore = 1 : sleeptime = 0
[LOG] Thread::callback                         : * FMOD nonblocking thread (0) started
[LOG] SystemI::createSound                     : setdata soundi = 0x119c0e598 : node = 0x119c0d580
[LOG] SystemI::createSound                     : add node to async list : head = 0x119c0d110.  list count = 0
[LOG] AsyncThread::threadFunc                  : Starting Asynchronous operation on sound 0x119c0e598
[LOG] SystemI::createSoundInternal             :     filename = FMOD_files/fmodTest_01/Build/Desktop/Master Bank.bank : mode 0a010082
[LOG] SystemI::createSoundInternal             :     exinfo->cbsize             = 232
[LOG] SystemI::createSoundInternal             :     exinfo->length             = 1400960
[LOG] SystemI::createSoundInternal             :     exinfo->fileoffset         = 19008
[LOG] SystemI::createSoundInternal             :     exinfo->numsubsounds       = 1
[LOG] SystemI::createSoundInternal             :     exinfo->inclusionlist      = 0x119c0d698
[LOG] SystemI::createSoundInternal             :     exinfo->inclusionlistnum   = 1
[LOG] SystemI::createSoundInternal             :     exinfo->suggestedsoundtype = 5
[LOG] SystemI::createSoundInternal             :     exinfo->initialseekpostype = 1
[LOG] SystemI::createSoundInternal             :     Format has 1 subsounds.
[LOG] SystemI::createSoundInternal             :     Create as FMOD_CREATESTREAM
[LOG] System::createSoundInternal              :     decode buffersize = 19200 : blocksize = 256 : format = 2
[LOG] SystemI::createSample                    :     mode 0a010082 length 19200 samples, lengthbytes 1173120
[LOG] SystemI::createSample                    :     channels = 2
[LOG] SystemI::createSample                    :     output = 0x1509e2208
[LOG] OutputSoftware::createSample             :     lengthpcm 19200, lengthbytes 1173120, channels 2, format 2, freq 48000, mode 0a01008a
[LOG] System::createSoundInternal              :     1 subsounds detected.
[LOG] System::createSoundInternal              :     Seek stream to start
[LOG] System::createSoundInternal              :     flush stream buffer
[LOG] System::createSoundInternal              :     flush successful.
[LOG] System::createSoundInternal              :     switch file handle from small blocking single buffered to large nonblocking doublebuffered.
[LOG] Thread::initThread                       :         Initializing FMOD file thread.  priority 1
[LOG] Thread::initThread                       :         - Stacksize 16384.  Stack pointer 0x0 : usesemaphore = 0 : sleeptime = 10
[LOG] Thread::callback                         :         * FMOD file thread started
[LOG] SystemI::createSoundInternal             :     done.  OpenState now = FMOD_OPENSTATE_READY.

[LOG] AsyncThread::threadFunc                  : Finished Asynchronous operation on sound 0x119c0e598
[LOG] SoundI::getSubSound                      : sound 0x119c0e598.  Subsound index 0 / 1
[LOG] SoundI::release                          : (null) (0x119c0e598)
[LOG] SoundI::release                          : remove stream samples. (0x119c0e598)
[LOG] SoundI::release                          :     (null) (0x113c687d8)
[LOG] SoundI::release                          : release subsounds. (0x119c0e598)
[LOG] SoundI::release                          :     (null) (0x113c93ee8)
[LOG] SoundI::release                          : release codec. (0x119c0e598)
[LOG] SoundI::release                          : (null) (0x15d8bd308)
[LOG] SoundI::release                          : release subsounds. (0x15d8bd308)
[LOG] SoundI::release                          :     (null) (0x15d8bd468)
[LOG] SoundI::release                          : release codec. (0x15d8bd308)
[LOG] SoundI::release                          : (null) (0x15d8bce68)
[LOG] SoundI::release                          : release subsounds. (0x15d8bce68)
[LOG] SoundI::release                          :     (null) (0x15d8bcfc8)
[LOG] SoundI::release                          : release codec. (0x15d8bce68)
[LOG] SoundI::release                          : (null) (0x10a9ab488)
[LOG] SoundI::release                          : release subsounds. (0x10a9ab488)
[LOG] SoundI::release                          :     (null) (0x15d813e98)
[LOG] SoundI::release                          : release codec. (0x10a9ab488)
[LOG] SoundI::release                          : (null) (0x15d8bc598)
[LOG] SoundI::release                          : release subsounds. (0x15d8bc598)
[LOG] SoundI::release                          :     (null) (0x15d8bc6f8)
[LOG] SoundI::release                          : release codec. (0x15d8bc598)
[LOG] SoundI::release                          : (null) (0x15d8bbf28)
[LOG] SoundI::release                          : release subsounds. (0x15d8bbf28)
[LOG] SoundI::release                          :     (null) (0x15d8141d8)
[LOG] SoundI::release                          : release codec. (0x15d8bbf28)
[LOG] SoundI::release                          : (null) (0x15d87fb58)
[LOG] SoundI::release                          : release subsounds. (0x15d87fb58)
[LOG] SoundI::release                          :     (null) (0x15d87fcb8)
[LOG] SoundI::release                          : release codec. (0x15d87fb58)
[LOG] SoundI::release                          : (null) (0x15d87fe48)
[LOG] SoundI::release                          : release subsounds. (0x15d87fe48)
[LOG] SoundI::release                          :     (null) (0x10a9d15e8)
[LOG] SoundI::release                          : release codec. (0x15d87fe48)
[LOG] SoundI::release                          : (null) (0x15d8b9f18)
[LOG] SoundI::release                          : release subsounds. (0x15d8b9f18)
[LOG] SoundI::release                          :     (null) (0x15d8ba078)
[LOG] SoundI::release                          : release codec. (0x15d8b9f18)
[LOG] Thread::callback                         : * FMOD Studio update thread finished
[LOG] Thread::close                            : FMOD Studio update thread thread destroyed
[LOG] Thread::callback                         : * FMOD Studio bank load thread finished
[LOG] Thread::close                            : FMOD Studio bank load thread thread destroyed
[LOG] Profile::disconnectAll                   : Profiler disconnecting all clients
[LOG] Thread::callback                         : * FMOD Studio sample load thread finished
[LOG] Thread::close                            : FMOD Studio sample load thread thread destroyed
[LOG] LiveUpdate::release                      : 
[LOG] LiveUpdate::reset                        : Reset connection (reason Disconnected)
[LOG] SystemI::close                           : 
[LOG] SystemI::close                           : Stop all sounds
[LOG] Thread::callback                         : * FMOD stream thread finished
[LOG] Thread::close                            : FMOD stream thread thread destroyed
[LOG] SystemI::close                           : Stream thread destroyed
[LOG] Thread::callback                         : * FMOD mixer thread finished
[LOG] Thread::close                            : FMOD mixer thread thread destroyed
[LOG] SystemI::close                           : Free master channel group.
[LOG] SystemI::close                           : Remove 'master' sound group.
[LOG] SystemI::close                           : Free software output.
[LOG] SystemI::close                           : Free emulated output.
[LOG] SystemI::close                           : Free channel pool.
[LOG] Thread::callback                         : * FMOD nonblocking thread (0) finished
[LOG] Thread::close                            : FMOD nonblocking thread (0) thread destroyed
[LOG] Thread::callback                         : * FMOD file thread finished
[LOG] Thread::close                            : FMOD file thread thread destroyed
[LOG] SystemI::close                           : done.

